Arguments: 
  /Users/forsy/.nvm/versions/node/v10.16.3/bin/node /usr/local/Cellar/yarn/1.17.3/libexec/bin/yarn.js add knex express bctyptjs cors jsonwebtoken sqlite3 helmet

PATH: 
  /Users/forsy/.nvm/versions/node/v10.16.3/bin:/usr/local/bin:/usr/bin:/bin:/usr/sbin:/sbin:/Users/forsy/.nvm/versions/node/v10.16.3/bin:/Users/forsy/Downloads/libraries/google-cloud-sdk/bin:/usr/local/bin

Yarn version: 
  1.17.3

Node version: 
  10.16.3

Platform: 
  darwin x64

Trace: 
  Error: https://registry.yarnpkg.com/bctyptjs: Not found
      at Request.params.callback [as _callback] (/usr/local/Cellar/yarn/1.17.3/libexec/lib/cli.js:66830:18)
      at Request.self.callback (/usr/local/Cellar/yarn/1.17.3/libexec/lib/cli.js:140464:22)
      at Request.emit (events.js:198:13)
      at Request.<anonymous> (/usr/local/Cellar/yarn/1.17.3/libexec/lib/cli.js:141436:10)
      at Request.emit (events.js:198:13)
      at IncomingMessage.<anonymous> (/usr/local/Cellar/yarn/1.17.3/libexec/lib/cli.js:141358:12)
      at Object.onceWrapper (events.js:286:20)
      at IncomingMessage.emit (events.js:203:15)
      at endReadableNT (_stream_readable.js:1145:12)
      at process._tickCallback (internal/process/next_tick.js:63:19)

npm manifest: 
  {
    "name": "webauth-iii-challenge",
    "version": "1.0.0",
    "description": "Full functionality server side code, utilizing knex with sqlite, node.js, jwt, bcrypt",
    "main": "index.js",
    "scripts": {
      "test": "echo \"Error: no test specified\" && exit 1"
    },
    "repository": {
      "type": "git",
      "url": "git+https://github.com/sagdish/webauth-iii-challenge.git"
    },
    "keywords": [
      "struggle-is-real"
    ],
    "author": "Sagdi Formanov",
    "license": "ISC",
    "bugs": {
      "url": "https://github.com/sagdish/webauth-iii-challenge/issues"
    },
    "homepage": "https://github.com/sagdish/webauth-iii-challenge#readme"
  }

yarn manifest: 
  No manifest

Lockfile: 
  No lockfile
